0 info it worked if it ends with ok
1 verbose cli [ 'C:\\Program Files\\nodejs\\node.exe',
1 verbose cli   'C:\\Program Files\\nodejs\\node_modules\\npm\\bin\\npm-cli.js',
1 verbose cli   'run',
1 verbose cli   'start' ]
2 info using npm@4.1.2
3 info using node@v7.5.0
4 verbose run-script [ 'prestart', 'start', 'poststart' ]
5 info lifecycle bad-block@1.0.0~prestart: bad-block@1.0.0
6 silly lifecycle bad-block@1.0.0~prestart: no script for prestart, continuing
7 info lifecycle bad-block@1.0.0~start: bad-block@1.0.0
8 verbose lifecycle bad-block@1.0.0~start: unsafe-perm in lifecycle true
9 verbose lifecycle bad-block@1.0.0~start: PATH: C:\Users\carlo\AppData\Roaming\nvm\v7.5.0\node_modules\npm\bin\node-gyp-bin;C:\Users\carlo\Documents\workspace\personal\bad-block\node_modules\.bin;C:\ProgramData\DockerDesktop\version-bin;C:\Program Files\Docker\Docker\Resources\bin;C:\Windows\system32;C:\Windows;C:\Windows\System32\Wbem;C:\Windows\System32\WindowsPowerShell\v1.0\;C:\Windows\System32\OpenSSH\;C:\Program Files (x86)\NVIDIA Corporation\PhysX\Common;C:\Users\carlo\AppData\Roaming\nvm;C:\Program Files\nodejs;C:\Program Files\Git\cmd;C:\Program Files\Perforce\;C:\Program Files\Microsoft VS Code\bin;C:\Program Files\NVIDIA Corporation\NVIDIA NvDLISR;C:\Users\carlo\AppData\Local\Microsoft\WindowsApps;C:\Users\carlo\AppData\Roaming\nvm;C:\Program Files\nodejs;C:\Users\carlo\AppData\Local\GitHubDesktop\bin;C:\Program Files\Microsoft VS Code\bin
10 verbose lifecycle bad-block@1.0.0~start: CWD: C:\Users\carlo\Documents\workspace\personal\bad-block
11 silly lifecycle bad-block@1.0.0~start: Args: [ '/d /s /c', 'node utils/webserver.js' ]
12 silly lifecycle bad-block@1.0.0~start: Returned: code: 1  signal: null
13 info lifecycle bad-block@1.0.0~start: Failed to exec start script
14 verbose stack Error: bad-block@1.0.0 start: `node utils/webserver.js`
14 verbose stack Exit status 1
14 verbose stack     at EventEmitter.<anonymous> (C:\Users\carlo\AppData\Roaming\nvm\v7.5.0\node_modules\npm\lib\utils\lifecycle.js:279:16)
14 verbose stack     at emitTwo (events.js:106:13)
14 verbose stack     at EventEmitter.emit (events.js:192:7)
14 verbose stack     at ChildProcess.<anonymous> (C:\Users\carlo\AppData\Roaming\nvm\v7.5.0\node_modules\npm\lib\utils\spawn.js:40:14)
14 verbose stack     at emitTwo (events.js:106:13)
14 verbose stack     at ChildProcess.emit (events.js:192:7)
14 verbose stack     at maybeClose (internal/child_process.js:890:16)
14 verbose stack     at Process.ChildProcess._handle.onexit (internal/child_process.js:226:5)
15 verbose pkgid bad-block@1.0.0
16 verbose cwd C:\Users\carlo\Documents\workspace\personal\bad-block
17 error Windows_NT 10.0.17134
18 error argv "C:\\Program Files\\nodejs\\node.exe" "C:\\Program Files\\nodejs\\node_modules\\npm\\bin\\npm-cli.js" "run" "start"
19 error node v7.5.0
20 error npm  v4.1.2
21 error code ELIFECYCLE
22 error bad-block@1.0.0 start: `node utils/webserver.js`
22 error Exit status 1
23 error Failed at the bad-block@1.0.0 start script 'node utils/webserver.js'.
23 error Make sure you have the latest version of node.js and npm installed.
23 error If you do, this is most likely a problem with the bad-block package,
23 error not with npm itself.
23 error Tell the author that this fails on your system:
23 error     node utils/webserver.js
23 error You can get information on how to open an issue for this project with:
23 error     npm bugs bad-block
23 error Or if that isn't available, you can get their info via:
23 error     npm owner ls bad-block
23 error There is likely additional logging output above.
24 verbose exit [ 1, true ]
